<?xml version="1.0" encoding="UTF-8"?>
<!-- Generated by org.testng.reporters.JUnitXMLReporter -->
<testsuite ignored="0" hostname="INL1YV7QDF" failures="1" tests="3" name="ErrorValidationsTest" time="50.406" errors="0" timestamp="2024-07-09T06:44:36 IST">
  <testcase classname="Framework.Tests.ErrorValidationsTest" name="LoginErrorValidation" time="1.0">
    <skipped/>
  </testcase> <!-- LoginErrorValidation -->
  <testcase classname="Framework.Tests.ErrorValidationsTest" name="LoginErrorValidation" time="0.657">
    <failure type="java.lang.AssertionError" message="expected [Incorrect email or password.] but found [Incorrect email  password]">
      <![CDATA[java.lang.AssertionError: expected [Incorrect email or password.] but found [Incorrect email  password]
at Framework.Tests.ErrorValidationsTest.LoginErrorValidation(ErrorValidationsTest.java:24)
at java.base/java.util.ArrayList.forEach(ArrayList.java:1541)
at java.base/java.util.concurrent.FutureTask.run(FutureTask.java:264)
at java.base/java.util.concurrent.ThreadPoolExecutor.runWorker(ThreadPoolExecutor.java:1128)
at java.base/java.util.concurrent.ThreadPoolExecutor$Worker.run(ThreadPoolExecutor.java:628)
at java.base/java.lang.Thread.run(Thread.java:829)
... Removed 23 stack frames]]>
    </failure>
  </testcase> <!-- LoginErrorValidation -->
  <testcase classname="Framework.Tests.ErrorValidationsTest" name="ProductErrorValidation" time="26.965"/>
</testsuite> <!-- ErrorValidationsTest -->
